android-app/app/build/intermediates/manifest_merge_blame_file/debug/manifest-merger-blame-debug-report.txt
1<?xml version="1.0" encoding="utf-8"?>
2<manifest xmlns:android="http://schemas.android.com/apk/res/android"
3    package="com.railway.qrscanner"
4    android:versionCode="1"
5    android:versionName="1.0" >
6
7    <uses-sdk
8        android:minSdkVersion="24"
9        android:targetSdkVersion="34" />
10
11    <!-- Permissions -->
12    <uses-permission android:name="android.permission.CAMERA" />
12-->src/main/AndroidManifest.xml:6:5-65
12-->src/main/AndroidManifest.xml:6:22-62
13    <uses-permission android:name="android.permission.ACCESS_FINE_LOCATION" />
13-->src/main/AndroidManifest.xml:7:5-79
13-->src/main/AndroidManifest.xml:7:22-76
14    <uses-permission android:name="android.permission.ACCESS_COARSE_LOCATION" />
14-->src/main/AndroidManifest.xml:8:5-81
14-->src/main/AndroidManifest.xml:8:22-78
15    <uses-permission android:name="android.permission.INTERNET" />
15-->src/main/AndroidManifest.xml:9:5-67
15-->src/main/AndroidManifest.xml:9:22-64
16    <uses-permission android:name="android.permission.ACCESS_NETWORK_STATE" />
16-->src/main/AndroidManifest.xml:10:5-79
16-->src/main/AndroidManifest.xml:10:22-76
17
18    <uses-feature
18-->src/main/AndroidManifest.xml:12:5-14:35
19        android:name="android.hardware.camera"
19-->src/main/AndroidManifest.xml:13:9-47
20        android:required="true" />
20-->src/main/AndroidManifest.xml:14:9-32
21    <uses-feature
21-->src/main/AndroidManifest.xml:15:5-17:36
22        android:name="android.hardware.camera.autofocus"
22-->src/main/AndroidManifest.xml:16:9-57
23        android:required="false" />
23-->src/main/AndroidManifest.xml:17:9-33
24
25    <permission
25-->[androidx.core:core:1.12.0] AndroidManifest.xml:22:5-24:47
26        android:name="com.railway.qrscanner.DYNAMIC_RECEIVER_NOT_EXPORTED_PERMISSION"
26-->[androidx.core:core:1.12.0] AndroidManifest.xml:23:9-81
27        android:protectionLevel="signature" />
27-->[androidx.core:core:1.12.0] AndroidManifest.xml:24:9-44
28
29    <uses-permission android:name="com.railway.qrscanner.DYNAMIC_RECEIVER_NOT_EXPORTED_PERMISSION" />
29-->[androidx.core:core:1.12.0] AndroidManifest.xml:26:5-97
29-->[androidx.core:core:1.12.0] AndroidManifest.xml:26:22-94
30
31    <uses-feature
31-->[com.journeyapps:zxing-android-embedded:4.3.0] AndroidManifest.xml:28:5-30:36
32        android:name="android.hardware.camera.front"
32-->[com.journeyapps:zxing-android-embedded:4.3.0] AndroidManifest.xml:29:9-53
33        android:required="false" />
33-->[com.journeyapps:zxing-android-embedded:4.3.0] AndroidManifest.xml:30:9-33
34    <uses-feature
34-->[com.journeyapps:zxing-android-embedded:4.3.0] AndroidManifest.xml:36:5-38:36
35        android:name="android.hardware.camera.flash"
35-->[com.journeyapps:zxing-android-embedded:4.3.0] AndroidManifest.xml:37:9-53
36        android:required="false" />
36-->[com.journeyapps:zxing-android-embedded:4.3.0] AndroidManifest.xml:38:9-33
37    <uses-feature
37-->[com.journeyapps:zxing-android-embedded:4.3.0] AndroidManifest.xml:39:5-41:36
38        android:name="android.hardware.screen.landscape"
38-->[com.journeyapps:zxing-android-embedded:4.3.0] AndroidManifest.xml:40:9-57
39        android:required="false" />
39-->[com.journeyapps:zxing-android-embedded:4.3.0] AndroidManifest.xml:41:9-33
40    <uses-feature
40-->[com.journeyapps:zxing-android-embedded:4.3.0] AndroidManifest.xml:42:5-44:36
41        android:name="android.hardware.wifi"
41-->[com.journeyapps:zxing-android-embedded:4.3.0] AndroidManifest.xml:43:9-45
42        android:required="false" />
42-->[com.journeyapps:zxing-android-embedded:4.3.0] AndroidManifest.xml:44:9-33
43
44    <application
44-->src/main/AndroidManifest.xml:19:5-57:19
45        android:allowBackup="true"
45-->src/main/AndroidManifest.xml:20:9-35
46        android:appComponentFactory="androidx.core.app.CoreComponentFactory"
46-->[androidx.core:core:1.12.0] AndroidManifest.xml:28:18-86
47        android:dataExtractionRules="@xml/data_extraction_rules"
47-->src/main/AndroidManifest.xml:21:9-65
48        android:debuggable="true"
49        android:extractNativeLibs="false"
50        android:fullBackupContent="@xml/backup_rules"
50-->src/main/AndroidManifest.xml:22:9-54
51        android:icon="@mipmap/ic_launcher"
51-->src/main/AndroidManifest.xml:23:9-43
52        android:label="@string/app_name"
52-->src/main/AndroidManifest.xml:24:9-41
53        android:roundIcon="@mipmap/ic_launcher_round"
53-->src/main/AndroidManifest.xml:25:9-54
54        android:supportsRtl="true"
54-->src/main/AndroidManifest.xml:26:9-35
55        android:testOnly="true"
56        android:theme="@style/Theme.RailwayQRScanner" >
56-->src/main/AndroidManifest.xml:27:9-54
57        <activity
57-->src/main/AndroidManifest.xml:30:9-38:20
58            android:name="com.railway.qrscanner.MainActivity"
58-->src/main/AndroidManifest.xml:31:13-41
59            android:exported="true"
59-->src/main/AndroidManifest.xml:32:13-36
60            android:theme="@style/Theme.RailwayQRScanner" >
60-->src/main/AndroidManifest.xml:33:13-58
61            <intent-filter>
61-->src/main/AndroidManifest.xml:34:13-37:29
62                <action android:name="android.intent.action.MAIN" />
62-->src/main/AndroidManifest.xml:35:17-69
62-->src/main/AndroidManifest.xml:35:25-66
63
64                <category android:name="android.intent.category.LAUNCHER" />
64-->src/main/AndroidManifest.xml:36:17-77
64-->src/main/AndroidManifest.xml:36:27-74
65            </intent-filter>
66        </activity>
67        <activity
67-->src/main/AndroidManifest.xml:40:9-44:61
68            android:name="com.railway.qrscanner.ui.scanner.ScannerActivity"
68-->src/main/AndroidManifest.xml:41:13-55
69            android:exported="false"
69-->src/main/AndroidManifest.xml:42:13-37
70            android:screenOrientation="portrait"
70-->src/main/AndroidManifest.xml:43:13-49
71            android:theme="@style/Theme.RailwayQRScanner" />
71-->src/main/AndroidManifest.xml:44:13-58
72        <activity
72-->src/main/AndroidManifest.xml:46:9-50:61
73            android:name="com.railway.qrscanner.ui.details.ComponentDetailsActivity"
73-->src/main/AndroidManifest.xml:47:13-64
74            android:exported="false"
74-->src/main/AndroidManifest.xml:48:13-37
75            android:parentActivityName="com.railway.qrscanner.MainActivity"
75-->src/main/AndroidManifest.xml:49:13-55
76            android:theme="@style/Theme.RailwayQRScanner" />
76-->src/main/AndroidManifest.xml:50:13-58
77        <activity
77-->src/main/AndroidManifest.xml:52:9-56:61
78            android:name="com.railway.qrscanner.ui.inspection.InspectionActivity"
78-->src/main/AndroidManifest.xml:53:13-61
79            android:exported="false"
79-->src/main/AndroidManifest.xml:54:13-37
80            android:parentActivityName="com.railway.qrscanner.MainActivity"
80-->src/main/AndroidManifest.xml:55:13-55
81            android:theme="@style/Theme.RailwayQRScanner" />
81-->src/main/AndroidManifest.xml:56:13-58
82        <activity
82-->[com.karumi:dexter:6.2.3] AndroidManifest.xml:27:9-29:72
83            android:name="com.karumi.dexter.DexterActivity"
83-->[com.karumi:dexter:6.2.3] AndroidManifest.xml:28:13-60
84            android:theme="@style/Dexter.Internal.Theme.Transparent" />
84-->[com.karumi:dexter:6.2.3] AndroidManifest.xml:29:13-69
85
86        <provider
86-->[androidx.emoji2:emoji2:1.2.0] AndroidManifest.xml:24:9-32:20
87            android:name="androidx.startup.InitializationProvider"
87-->[androidx.emoji2:emoji2:1.2.0] AndroidManifest.xml:25:13-67
88            android:authorities="com.railway.qrscanner.androidx-startup"
88-->[androidx.emoji2:emoji2:1.2.0] AndroidManifest.xml:26:13-68
89            android:exported="false" >
89-->[androidx.emoji2:emoji2:1.2.0] AndroidManifest.xml:27:13-37
90            <meta-data
90-->[androidx.emoji2:emoji2:1.2.0] AndroidManifest.xml:29:13-31:52
91                android:name="androidx.emoji2.text.EmojiCompatInitializer"
91-->[androidx.emoji2:emoji2:1.2.0] AndroidManifest.xml:30:17-75
92                android:value="androidx.startup" />
92-->[androidx.emoji2:emoji2:1.2.0] AndroidManifest.xml:31:17-49
93            <meta-data
93-->[androidx.lifecycle:lifecycle-process:2.7.0] AndroidManifest.xml:29:13-31:52
94                android:name="androidx.lifecycle.ProcessLifecycleInitializer"
94-->[androidx.lifecycle:lifecycle-process:2.7.0] AndroidManifest.xml:30:17-78
95                android:value="androidx.startup" />
95-->[androidx.lifecycle:lifecycle-process:2.7.0] AndroidManifest.xml:31:17-49
96            <meta-data
96-->[androidx.profileinstaller:profileinstaller:1.3.0] AndroidManifest.xml:29:13-31:52
97                android:name="androidx.profileinstaller.ProfileInstallerInitializer"
97-->[androidx.profileinstaller:profileinstaller:1.3.0] AndroidManifest.xml:30:17-85
98                android:value="androidx.startup" />
98-->[androidx.profileinstaller:profileinstaller:1.3.0] AndroidManifest.xml:31:17-49
99        </provider>
100
101        <activity
101-->[com.google.android.gms:play-services-base:18.1.0] AndroidManifest.xml:20:9-22:45
102            android:name="com.google.android.gms.common.api.GoogleApiActivity"
102-->[com.google.android.gms:play-services-base:18.1.0] AndroidManifest.xml:20:19-85
103            android:exported="false"
103-->[com.google.android.gms:play-services-base:18.1.0] AndroidManifest.xml:22:19-43
104            android:theme="@android:style/Theme.Translucent.NoTitleBar" />
104-->[com.google.android.gms:play-services-base:18.1.0] AndroidManifest.xml:21:19-78
105
106        <meta-data
106-->[com.google.android.gms:play-services-basement:18.1.0] AndroidManifest.xml:21:9-23:69
107            android:name="com.google.android.gms.version"
107-->[com.google.android.gms:play-services-basement:18.1.0] AndroidManifest.xml:22:13-58
108            android:value="@integer/google_play_services_version" />
108-->[com.google.android.gms:play-services-basement:18.1.0] AndroidManifest.xml:23:13-66
109
110        <uses-library
110-->[androidx.window:window:1.0.0] AndroidManifest.xml:25:9-27:40
111            android:name="androidx.window.extensions"
111-->[androidx.window:window:1.0.0] AndroidManifest.xml:26:13-54
112            android:required="false" />
112-->[androidx.window:window:1.0.0] AndroidManifest.xml:27:13-37
113        <uses-library
113-->[androidx.window:window:1.0.0] AndroidManifest.xml:28:9-30:40
114            android:name="androidx.window.sidecar"
114-->[androidx.window:window:1.0.0] AndroidManifest.xml:29:13-51
115            android:required="false" />
115-->[androidx.window:window:1.0.0] AndroidManifest.xml:30:13-37
116
117        <service
117-->[androidx.room:room-runtime:2.6.1] AndroidManifest.xml:24:9-28:63
118            android:name="androidx.room.MultiInstanceInvalidationService"
118-->[androidx.room:room-runtime:2.6.1] AndroidManifest.xml:25:13-74
119            android:directBootAware="true"
119-->[androidx.room:room-runtime:2.6.1] AndroidManifest.xml:26:13-43
120            android:exported="false" />
120-->[androidx.room:room-runtime:2.6.1] AndroidManifest.xml:27:13-37
121
122        <receiver
122-->[androidx.profileinstaller:profileinstaller:1.3.0] AndroidManifest.xml:34:9-52:20
123            android:name="androidx.profileinstaller.ProfileInstallReceiver"
123-->[androidx.profileinstaller:profileinstaller:1.3.0] AndroidManifest.xml:35:13-76
124            android:directBootAware="false"
124-->[androidx.profileinstaller:profileinstaller:1.3.0] AndroidManifest.xml:36:13-44
125            android:enabled="true"
125-->[androidx.profileinstaller:profileinstaller:1.3.0] AndroidManifest.xml:37:13-35
126            android:exported="true"
126-->[androidx.profileinstaller:profileinstaller:1.3.0] AndroidManifest.xml:38:13-36
127            android:permission="android.permission.DUMP" >
127-->[androidx.profileinstaller:profileinstaller:1.3.0] AndroidManifest.xml:39:13-57
128            <intent-filter>
128-->[androidx.profileinstaller:profileinstaller:1.3.0] AndroidManifest.xml:40:13-42:29
129                <action android:name="androidx.profileinstaller.action.INSTALL_PROFILE" />
129-->[androidx.profileinstaller:profileinstaller:1.3.0] AndroidManifest.xml:41:17-91
129-->[androidx.profileinstaller:profileinstaller:1.3.0] AndroidManifest.xml:41:25-88
130            </intent-filter>
131            <intent-filter>
131-->[androidx.profileinstaller:profileinstaller:1.3.0] AndroidManifest.xml:43:13-45:29
132                <action android:name="androidx.profileinstaller.action.SKIP_FILE" />
132-->[androidx.profileinstaller:profileinstaller:1.3.0] AndroidManifest.xml:44:17-85
132-->[androidx.profileinstaller:profileinstaller:1.3.0] AndroidManifest.xml:44:25-82
133            </intent-filter>
134            <intent-filter>
134-->[androidx.profileinstaller:profileinstaller:1.3.0] AndroidManifest.xml:46:13-48:29
135                <action android:name="androidx.profileinstaller.action.SAVE_PROFILE" />
135-->[androidx.profileinstaller:profileinstaller:1.3.0] AndroidManifest.xml:47:17-88
135-->[androidx.profileinstaller:profileinstaller:1.3.0] AndroidManifest.xml:47:25-85
136            </intent-filter>
137            <intent-filter>
137-->[androidx.profileinstaller:profileinstaller:1.3.0] AndroidManifest.xml:49:13-51:29
138                <action android:name="androidx.profileinstaller.action.BENCHMARK_OPERATION" />
138-->[androidx.profileinstaller:profileinstaller:1.3.0] AndroidManifest.xml:50:17-95
138-->[androidx.profileinstaller:profileinstaller:1.3.0] AndroidManifest.xml:50:25-92
139            </intent-filter>
140        </receiver>
141
142        <activity
142-->[com.journeyapps:zxing-android-embedded:4.3.0] AndroidManifest.xml:47:9-53:63
143            android:name="com.journeyapps.barcodescanner.CaptureActivity"
143-->[com.journeyapps:zxing-android-embedded:4.3.0] AndroidManifest.xml:48:13-74
144            android:clearTaskOnLaunch="true"
144-->[com.journeyapps:zxing-android-embedded:4.3.0] AndroidManifest.xml:49:13-45
145            android:screenOrientation="sensorLandscape"
145-->[com.journeyapps:zxing-android-embedded:4.3.0] AndroidManifest.xml:50:13-56
146            android:stateNotNeeded="true"
146-->[com.journeyapps:zxing-android-embedded:4.3.0] AndroidManifest.xml:51:13-42
147            android:theme="@style/zxing_CaptureTheme"
147-->[com.journeyapps:zxing-android-embedded:4.3.0] AndroidManifest.xml:52:13-54
148            android:windowSoftInputMode="stateAlwaysHidden" />
148-->[com.journeyapps:zxing-android-embedded:4.3.0] AndroidManifest.xml:53:13-60
149    </application>
150
151</manifest>